2024-08-10 05:56:29.526 [debug]: 	Logging initialized at debug level 
2024-08-10 06:01:20.805 [debug]: 	Logging initialized at debug level 
2024-08-10 06:01:31.259 [debug]: 	Logging initialized at debug level 
2024-08-10 06:02:51.567 [debug]: 	Logging initialized at debug level 
2024-08-10 06:04:43.611 [debug]: 	Logging initialized at debug level 
2024-08-10 06:06:13.948 [debug]: 	Logging initialized at debug level 
2024-08-10 06:07:29.027 [error]: 	Internal server error {
  "body": {
    "stringValue": "\"i\"",
    "valueType": "string",
    "kind": "number",
    "value": "i",
    "path": "duration",
    "reason": null,
    "name": "CastError",
    "message": "Cast to number failed for value \"i\" (type string) at path \"duration\" for model \"Quiz\""
  }
}
2024-08-10 06:08:40.130 [error]: 	Internal server error {
  "body": {
    "stringValue": "\"i\"",
    "valueType": "string",
    "kind": "number",
    "value": "i",
    "path": "duration",
    "reason": null,
    "name": "CastError",
    "message": "Cast to number failed for value \"i\" (type string) at path \"duration\" for model \"Quiz\""
  }
}
2024-08-10 06:10:54.717 [debug]: 	Logging initialized at debug level 
2024-08-10 06:12:06.309 [debug]: 	Logging initialized at debug level 
2024-08-10 06:12:26.491 [debug]: 	Logging initialized at debug level 
2024-08-10 06:13:31.010 [debug]: 	Logging initialized at debug level 
2024-08-10 06:15:30.069 [debug]: 	Logging initialized at debug level 
2024-08-10 06:17:11.940 [debug]: 	Logging initialized at debug level 
2024-08-10 06:17:20.669 [debug]: 	Logging initialized at debug level 
2024-08-10 06:17:34.549 [debug]: 	Logging initialized at debug level 
2024-08-10 06:18:00.435 [debug]: 	Logging initialized at debug level 
2024-08-10 06:18:01.411 [debug]: 	Logging initialized at debug level 
2024-08-10 06:28:28.223 [debug]: 	Logging initialized at debug level 
2024-08-10 06:35:02.593 [error]: 	Internal server error {
  "body": {
    "stringValue": "\"undefined\"",
    "valueType": "string",
    "kind": "ObjectId",
    "value": "undefined",
    "path": "_id",
    "reason": {},
    "name": "CastError",
    "message": "Cast to ObjectId failed for value \"undefined\" (type string) at path \"_id\" for model \"Quiz\""
  }
}
2024-08-10 06:42:17.947 [debug]: 	Logging initialized at debug level 
2024-08-10 06:43:15.297 [debug]: 	Logging initialized at debug level 
2024-08-10 06:43:22.486 [debug]: 	Logging initialized at debug level 
2024-08-10 07:08:32.855 [debug]: 	Logging initialized at debug level 
2024-08-10 07:09:02.063 [debug]: 	Logging initialized at debug level 
2024-08-10 07:10:05.508 [debug]: 	Logging initialized at debug level 
2024-08-10 14:35:03.559 [debug]: 	Logging initialized at debug level 
2024-08-10 15:20:20.208 [debug]: 	Logging initialized at debug level 
2024-08-10 15:20:43.132 [debug]: 	Logging initialized at debug level 
2024-08-10 15:22:06.716 [debug]: 	Logging initialized at debug level 
2024-08-10 15:22:12.825 [debug]: 	Logging initialized at debug level 
2024-08-10 15:22:28.410 [debug]: 	Logging initialized at debug level 
2024-08-10 15:22:38.182 [debug]: 	Logging initialized at debug level 
2024-08-10 15:22:45.597 [debug]: 	Logging initialized at debug level 
2024-08-10 15:22:52.893 [debug]: 	Logging initialized at debug level 
2024-08-10 15:23:37.783 [debug]: 	Logging initialized at debug level 
2024-08-10 15:30:17.934 [debug]: 	Logging initialized at debug level 
2024-08-10 16:59:36.255 [debug]: 	Logging initialized at debug level 
2024-08-10 18:27:47.234 [debug]: 	Logging initialized at debug level 
2024-08-10 18:27:47.245 [error]: 	uncaughtException: querySrv ECONNREFUSED _mongodb._tcp.smit-quiz.beambgn.mongodb.net
Error: querySrv ECONNREFUSED _mongodb._tcp.smit-quiz.beambgn.mongodb.net
    at QueryReqWrap.onresolve [as oncomplete] (node:internal/dns/promises:275:17) {
  "error": {
    "code": "ECONNREFUSED",
    "syscall": "querySrv",
    "hostname": "_mongodb._tcp.smit-quiz.beambgn.mongodb.net"
  },
  "stack": "Error: querySrv ECONNREFUSED _mongodb._tcp.smit-quiz.beambgn.mongodb.net\n    at QueryReqWrap.onresolve [as oncomplete] (node:internal/dns/promises:275:17)",
  "exception": true,
  "date": "Sat Aug 10 2024 18:27:47 GMT+0500 (Pakistan Standard Time)",
  "process": {
    "pid": 2664,
    "uid": null,
    "gid": null,
    "cwd": "C:\\Users\\PMLS\\Documents\\GitHub\\SMIT-quiz-app\\server",
    "execPath": "C:\\Program Files\\nodejs\\node.exe",
    "version": "v20.10.0",
    "argv": [
      "C:\\Program Files\\nodejs\\node.exe",
      "C:\\Users\\PMLS\\Documents\\GitHub\\SMIT-quiz-app\\server\\src\\index.js"
    ],
    "memoryUsage": {
      "rss": 79478784,
      "heapTotal": 61165568,
      "heapUsed": 31363800,
      "external": 20840726,
      "arrayBuffers": 18262663
    }
  },
  "os": {
    "loadavg": [
      0,
      0,
      0
    ],
    "uptime": 5447.875
  },
  "trace": [
    {
      "column": 17,
      "file": "node:internal/dns/promises",
      "function": "QueryReqWrap.onresolve [as oncomplete]",
      "line": 275,
      "method": "onresolve [as oncomplete]",
      "native": false
    }
  ]
}
2024-08-10 18:29:07.831 [debug]: 	Logging initialized at debug level 
