2024-08-09 10:07:48.401 [debug]: 	Logging initialized at debug level 
2024-08-09 10:24:11.238 [debug]: 	Logging initialized at debug level 
2024-08-09 10:31:23.068 [debug]: 	Logging initialized at debug level 
2024-08-09 10:34:08.832 [debug]: 	Logging initialized at debug level 
2024-08-09 10:34:51.854 [debug]: 	Logging initialized at debug level 
2024-08-09 10:36:13.938 [info]: 	token is not valid Error: No auth token 
2024-08-09 10:36:45.111 [debug]: 	Logging initialized at debug level 
2024-08-09 10:36:46.005 [error]: 	Internal server error create {
  "body": {}
}
2024-08-09 10:37:54.305 [debug]: 	Logging initialized at debug level 
2024-08-09 10:37:56.539 [debug]: 	Logging initialized at debug level 
2024-08-09 10:38:02.234 [error]: 	Internal server error create {
  "body": {
    "errorResponse": {
      "index": 0,
      "code": 11000,
      "errmsg": "E11000 duplicate key error collection: test.students index: email_1 dup key: { email: \"hamza@mail.com\" }",
      "keyPattern": {
        "email": 1
      },
      "keyValue": {
        "email": "hamza@mail.com"
      }
    },
    "index": 0,
    "code": 11000,
    "keyPattern": {
      "email": 1
    },
    "keyValue": {
      "email": "hamza@mail.com"
    }
  }
}
2024-08-09 10:38:38.957 [error]: 	Internal server error create {
  "body": {}
}
2024-08-09 10:41:09.754 [debug]: 	Logging initialized at debug level 
2024-08-09 10:42:54.097 [debug]: 	Logging initialized at debug level 
2024-08-09 10:43:06.333 [debug]: 	Logging initialized at debug level 
2024-08-09 10:43:26.175 [info]: 	Student saved successfully hamza@mail.com 
2024-08-09 10:43:57.027 [debug]: 	Logging initialized at debug level 
2024-08-09 10:45:17.753 [debug]: 	Logging initialized at debug level 
2024-08-09 10:45:45.732 [debug]: 	Logging initialized at debug level 
2024-08-09 10:46:24.307 [debug]: 	Logging initialized at debug level 
2024-08-09 10:48:40.337 [debug]: 	Logging initialized at debug level 
2024-08-09 10:48:54.728 [debug]: 	Logging initialized at debug level 
2024-08-09 10:49:13.338 [debug]: 	Logging initialized at debug level 
2024-08-09 10:49:28.566 [debug]: 	Logging initialized at debug level 
2024-08-09 10:49:41.823 [debug]: 	Logging initialized at debug level 
2024-08-09 10:51:14.018 [debug]: 	Logging initialized at debug level 
2024-08-09 10:51:15.887 [debug]: 	Logging initialized at debug level 
2024-08-09 10:51:35.043 [debug]: 	Logging initialized at debug level 
2024-08-09 10:54:39.163 [debug]: 	Logging initialized at debug level 
2024-08-09 10:55:17.120 [debug]: 	Logging initialized at debug level 
2024-08-09 10:55:23.048 [debug]: 	Logging initialized at debug level 
2024-08-09 10:55:55.139 [debug]: 	Logging initialized at debug level 
2024-08-09 10:55:56.744 [error]: 	Internal server error create {
  "body": {}
}
2024-08-09 10:57:01.254 [debug]: 	Logging initialized at debug level 
2024-08-09 10:57:04.404 [info]: 	Student saved successfully hamza@mail.com 
2024-08-09 10:59:01.693 [debug]: 	Logging initialized at debug level 
2024-08-09 10:59:28.262 [debug]: 	Logging initialized at debug level 
2024-08-09 11:03:13.116 [debug]: 	Logging initialized at debug level 
2024-08-09 11:03:51.462 [debug]: 	Logging initialized at debug level 
2024-08-09 11:04:59.387 [debug]: 	Logging initialized at debug level 
2024-08-09 11:06:05.155 [debug]: 	Logging initialized at debug level 
2024-08-09 11:06:27.077 [debug]: 	Logging initialized at debug level 
2024-08-09 11:08:36.338 [debug]: 	Logging initialized at debug level 
2024-08-09 11:09:17.625 [debug]: 	Logging initialized at debug level 
2024-08-09 11:09:32.678 [debug]: 	Logging initialized at debug level 
2024-08-09 11:09:39.933 [debug]: 	Logging initialized at debug level 
2024-08-09 11:10:31.919 [debug]: 	Logging initialized at debug level 
2024-08-09 11:10:52.847 [debug]: 	Logging initialized at debug level 
2024-08-09 11:11:10.713 [debug]: 	Logging initialized at debug level 
2024-08-09 11:20:09.430 [info]: 	Student saved successfully ahsan@mail.com 
2024-08-09 11:25:09.004 [error]: 	Internal server error create {
  "body": {
    "errorResponse": {
      "index": 0,
      "code": 11000,
      "errmsg": "E11000 duplicate key error collection: test.students index: email_1 dup key: { email: \"ahsan@mail.com\" }",
      "keyPattern": {
        "email": 1
      },
      "keyValue": {
        "email": "ahsan@mail.com"
      }
    },
    "index": 0,
    "code": 11000,
    "keyPattern": {
      "email": 1
    },
    "keyValue": {
      "email": "ahsan@mail.com"
    }
  }
}
2024-08-09 11:33:00.292 [debug]: 	Logging initialized at debug level 
2024-08-09 15:46:41.199 [debug]: 	Logging initialized at debug level 
2024-08-09 16:14:42.311 [debug]: 	Logging initialized at debug level 
2024-08-09 16:15:09.364 [debug]: 	Logging initialized at debug level 
2024-08-09 16:15:28.019 [debug]: 	Logging initialized at debug level 
2024-08-09 16:17:15.203 [debug]: 	Logging initialized at debug level 
2024-08-09 16:22:57.555 [debug]: 	Logging initialized at debug level 
2024-08-09 16:23:28.112 [debug]: 	Logging initialized at debug level 
2024-08-09 16:28:41.689 [debug]: 	Logging initialized at debug level 
2024-08-09 16:32:48.919 [debug]: 	Logging initialized at debug level 
2024-08-09 16:33:12.002 [debug]: 	Logging initialized at debug level 
2024-08-09 16:35:45.424 [debug]: 	Logging initialized at debug level 
2024-08-09 16:37:58.014 [debug]: 	Logging initialized at debug level 
2024-08-09 16:38:07.218 [debug]: 	Logging initialized at debug level 
2024-08-09 16:38:09.572 [debug]: 	Logging initialized at debug level 
2024-08-09 16:43:43.236 [debug]: 	Logging initialized at debug level 
2024-08-09 20:08:05.864 [debug]: 	Logging initialized at debug level 
2024-08-09 20:30:52.586 [error]: 	uncaughtException: sendMessage is not defined
ReferenceError: sendMessage is not defined
    at createQuestion (file:///C:/Users/PMLS/Documents/GitHub/SMIT-quiz-app/server/src/controllers/question.controller.js:20:20)
    at process.processTicksAndRejections (node:internal/process/task_queues:95:5) {
  "error": {},
  "stack": "ReferenceError: sendMessage is not defined\n    at createQuestion (file:///C:/Users/PMLS/Documents/GitHub/SMIT-quiz-app/server/src/controllers/question.controller.js:20:20)\n    at process.processTicksAndRejections (node:internal/process/task_queues:95:5)",
  "exception": true,
  "date": "Fri Aug 09 2024 20:30:52 GMT+0500 (Pakistan Standard Time)",
  "process": {
    "pid": 71924,
    "uid": null,
    "gid": null,
    "cwd": "C:\\Users\\PMLS\\Documents\\GitHub\\SMIT-quiz-app\\server",
    "execPath": "C:\\Program Files\\nodejs\\node.exe",
    "version": "v20.10.0",
    "argv": [
      "C:\\Program Files\\nodejs\\node.exe",
      "C:\\Users\\PMLS\\Documents\\GitHub\\SMIT-quiz-app\\server\\src\\index.js"
    ],
    "memoryUsage": {
      "rss": 28585984,
      "heapTotal": 32747520,
      "heapUsed": 30669280,
      "external": 21015937,
      "arrayBuffers": 18383841
    }
  },
  "os": {
    "loadavg": [
      0,
      0,
      0
    ],
    "uptime": 278151.968
  },
  "trace": [
    {
      "column": 20,
      "file": "file:///C:/Users/PMLS/Documents/GitHub/SMIT-quiz-app/server/src/controllers/question.controller.js",
      "function": "createQuestion",
      "line": 20,
      "method": null,
      "native": false
    },
    {
      "column": 5,
      "file": "node:internal/process/task_queues",
      "function": "process.processTicksAndRejections",
      "line": 95,
      "method": "processTicksAndRejections",
      "native": false
    }
  ]
}
2024-08-09 20:30:52.599 [error]: 	uncaughtException: sendMessage is not defined
ReferenceError: sendMessage is not defined
    at createQuestion (file:///C:/Users/PMLS/Documents/GitHub/SMIT-quiz-app/server/src/controllers/question.controller.js:20:20)
    at process.processTicksAndRejections (node:internal/process/task_queues:95:5) {
  "error": {},
  "stack": "ReferenceError: sendMessage is not defined\n    at createQuestion (file:///C:/Users/PMLS/Documents/GitHub/SMIT-quiz-app/server/src/controllers/question.controller.js:20:20)\n    at process.processTicksAndRejections (node:internal/process/task_queues:95:5)",
  "exception": true,
  "date": "Fri Aug 09 2024 20:30:52 GMT+0500 (Pakistan Standard Time)",
  "process": {
    "pid": 71924,
    "uid": null,
    "gid": null,
    "cwd": "C:\\Users\\PMLS\\Documents\\GitHub\\SMIT-quiz-app\\server",
    "execPath": "C:\\Program Files\\nodejs\\node.exe",
    "version": "v20.10.0",
    "argv": [
      "C:\\Program Files\\nodejs\\node.exe",
      "C:\\Users\\PMLS\\Documents\\GitHub\\SMIT-quiz-app\\server\\src\\index.js"
    ],
    "memoryUsage": {
      "rss": 29675520,
      "heapTotal": 32747520,
      "heapUsed": 30832952,
      "external": 21016204,
      "arrayBuffers": 18384068
    }
  },
  "os": {
    "loadavg": [
      0,
      0,
      0
    ],
    "uptime": 278152
  },
  "trace": [
    {
      "column": 20,
      "file": "file:///C:/Users/PMLS/Documents/GitHub/SMIT-quiz-app/server/src/controllers/question.controller.js",
      "function": "createQuestion",
      "line": 20,
      "method": null,
      "native": false
    },
    {
      "column": 5,
      "file": "node:internal/process/task_queues",
      "function": "process.processTicksAndRejections",
      "line": 95,
      "method": "processTicksAndRejections",
      "native": false
    }
  ]
}
2024-08-09 20:30:52.610 [error]: 	uncaughtException: sendMessage is not defined
ReferenceError: sendMessage is not defined
    at createQuestion (file:///C:/Users/PMLS/Documents/GitHub/SMIT-quiz-app/server/src/controllers/question.controller.js:20:20)
    at process.processTicksAndRejections (node:internal/process/task_queues:95:5) {
  "error": {},
  "stack": "ReferenceError: sendMessage is not defined\n    at createQuestion (file:///C:/Users/PMLS/Documents/GitHub/SMIT-quiz-app/server/src/controllers/question.controller.js:20:20)\n    at process.processTicksAndRejections (node:internal/process/task_queues:95:5)",
  "exception": true,
  "date": "Fri Aug 09 2024 20:30:52 GMT+0500 (Pakistan Standard Time)",
  "process": {
    "pid": 71924,
    "uid": null,
    "gid": null,
    "cwd": "C:\\Users\\PMLS\\Documents\\GitHub\\SMIT-quiz-app\\server",
    "execPath": "C:\\Program Files\\nodejs\\node.exe",
    "version": "v20.10.0",
    "argv": [
      "C:\\Program Files\\nodejs\\node.exe",
      "C:\\Users\\PMLS\\Documents\\GitHub\\SMIT-quiz-app\\server\\src\\index.js"
    ],
    "memoryUsage": {
      "rss": 29245440,
      "heapTotal": 33009664,
      "heapUsed": 30730776,
      "external": 21016349,
      "arrayBuffers": 18369396
    }
  },
  "os": {
    "loadavg": [
      0,
      0,
      0
    ],
    "uptime": 278152.015
  },
  "trace": [
    {
      "column": 20,
      "file": "file:///C:/Users/PMLS/Documents/GitHub/SMIT-quiz-app/server/src/controllers/question.controller.js",
      "function": "createQuestion",
      "line": 20,
      "method": null,
      "native": false
    },
    {
      "column": 5,
      "file": "node:internal/process/task_queues",
      "function": "process.processTicksAndRejections",
      "line": 95,
      "method": "processTicksAndRejections",
      "native": false
    }
  ]
}
2024-08-09 21:24:28.642 [debug]: 	Logging initialized at debug level 
2024-08-09 22:17:51.799 [error]: 	uncaughtException: sendMessage is not defined
ReferenceError: sendMessage is not defined
    at createQuestion (file:///C:/Users/PMLS/Documents/GitHub/SMIT-quiz-app/server/src/controllers/question.controller.js:20:20)
    at process.processTicksAndRejections (node:internal/process/task_queues:95:5) {
  "error": {},
  "stack": "ReferenceError: sendMessage is not defined\n    at createQuestion (file:///C:/Users/PMLS/Documents/GitHub/SMIT-quiz-app/server/src/controllers/question.controller.js:20:20)\n    at process.processTicksAndRejections (node:internal/process/task_queues:95:5)",
  "exception": true,
  "date": "Fri Aug 09 2024 22:17:51 GMT+0500 (Pakistan Standard Time)",
  "process": {
    "pid": 73776,
    "uid": null,
    "gid": null,
    "cwd": "C:\\Users\\PMLS\\Documents\\GitHub\\SMIT-quiz-app\\server",
    "execPath": "C:\\Program Files\\nodejs\\node.exe",
    "version": "v20.10.0",
    "argv": [
      "C:\\Program Files\\nodejs\\node.exe",
      "C:\\Users\\PMLS\\Documents\\GitHub\\SMIT-quiz-app\\server\\src\\index.js"
    ],
    "memoryUsage": {
      "rss": 25903104,
      "heapTotal": 33533952,
      "heapUsed": 31160976,
      "external": 21042622,
      "arrayBuffers": 18410526
    }
  },
  "os": {
    "loadavg": [
      0,
      0,
      0
    ],
    "uptime": 284571.187
  },
  "trace": [
    {
      "column": 20,
      "file": "file:///C:/Users/PMLS/Documents/GitHub/SMIT-quiz-app/server/src/controllers/question.controller.js",
      "function": "createQuestion",
      "line": 20,
      "method": null,
      "native": false
    },
    {
      "column": 5,
      "file": "node:internal/process/task_queues",
      "function": "process.processTicksAndRejections",
      "line": 95,
      "method": "processTicksAndRejections",
      "native": false
    }
  ]
}
2024-08-09 22:17:51.818 [error]: 	uncaughtException: sendMessage is not defined
ReferenceError: sendMessage is not defined
    at createQuestion (file:///C:/Users/PMLS/Documents/GitHub/SMIT-quiz-app/server/src/controllers/question.controller.js:20:20)
    at process.processTicksAndRejections (node:internal/process/task_queues:95:5) {
  "error": {},
  "stack": "ReferenceError: sendMessage is not defined\n    at createQuestion (file:///C:/Users/PMLS/Documents/GitHub/SMIT-quiz-app/server/src/controllers/question.controller.js:20:20)\n    at process.processTicksAndRejections (node:internal/process/task_queues:95:5)",
  "exception": true,
  "date": "Fri Aug 09 2024 22:17:51 GMT+0500 (Pakistan Standard Time)",
  "process": {
    "pid": 73776,
    "uid": null,
    "gid": null,
    "cwd": "C:\\Users\\PMLS\\Documents\\GitHub\\SMIT-quiz-app\\server",
    "execPath": "C:\\Program Files\\nodejs\\node.exe",
    "version": "v20.10.0",
    "argv": [
      "C:\\Program Files\\nodejs\\node.exe",
      "C:\\Users\\PMLS\\Documents\\GitHub\\SMIT-quiz-app\\server\\src\\index.js"
    ],
    "memoryUsage": {
      "rss": 27611136,
      "heapTotal": 33533952,
      "heapUsed": 31392168,
      "external": 21051062,
      "arrayBuffers": 18418926
    }
  },
  "os": {
    "loadavg": [
      0,
      0,
      0
    ],
    "uptime": 284571.218
  },
  "trace": [
    {
      "column": 20,
      "file": "file:///C:/Users/PMLS/Documents/GitHub/SMIT-quiz-app/server/src/controllers/question.controller.js",
      "function": "createQuestion",
      "line": 20,
      "method": null,
      "native": false
    },
    {
      "column": 5,
      "file": "node:internal/process/task_queues",
      "function": "process.processTicksAndRejections",
      "line": 95,
      "method": "processTicksAndRejections",
      "native": false
    }
  ]
}
2024-08-09 22:19:40.481 [debug]: 	Logging initialized at debug level 
2024-08-09 22:19:45.162 [debug]: 	Logging initialized at debug level 
2024-08-09 22:19:50.551 [error]: 	uncaughtException: sendMessage is not defined
ReferenceError: sendMessage is not defined
    at createQuestion (file:///C:/Users/PMLS/Documents/GitHub/SMIT-quiz-app/server/src/controllers/question.controller.js:22:20)
    at process.processTicksAndRejections (node:internal/process/task_queues:95:5) {
  "error": {},
  "stack": "ReferenceError: sendMessage is not defined\n    at createQuestion (file:///C:/Users/PMLS/Documents/GitHub/SMIT-quiz-app/server/src/controllers/question.controller.js:22:20)\n    at process.processTicksAndRejections (node:internal/process/task_queues:95:5)",
  "exception": true,
  "date": "Fri Aug 09 2024 22:19:50 GMT+0500 (Pakistan Standard Time)",
  "process": {
    "pid": 73376,
    "uid": null,
    "gid": null,
    "cwd": "C:\\Users\\PMLS\\Documents\\GitHub\\SMIT-quiz-app\\server",
    "execPath": "C:\\Program Files\\nodejs\\node.exe",
    "version": "v20.10.0",
    "argv": [
      "C:\\Program Files\\nodejs\\node.exe",
      "C:\\Users\\PMLS\\Documents\\GitHub\\SMIT-quiz-app\\server\\src\\index.js"
    ],
    "memoryUsage": {
      "rss": 85139456,
      "heapTotal": 62107648,
      "heapUsed": 40624544,
      "external": 20975426,
      "arrayBuffers": 18340810
    }
  },
  "os": {
    "loadavg": [
      0,
      0,
      0
    ],
    "uptime": 284689.953
  },
  "trace": [
    {
      "column": 20,
      "file": "file:///C:/Users/PMLS/Documents/GitHub/SMIT-quiz-app/server/src/controllers/question.controller.js",
      "function": "createQuestion",
      "line": 22,
      "method": null,
      "native": false
    },
    {
      "column": 5,
      "file": "node:internal/process/task_queues",
      "function": "process.processTicksAndRejections",
      "line": 95,
      "method": "processTicksAndRejections",
      "native": false
    }
  ]
}
2024-08-09 22:19:50.562 [error]: 	uncaughtException: sendMessage is not defined
ReferenceError: sendMessage is not defined
    at createQuestion (file:///C:/Users/PMLS/Documents/GitHub/SMIT-quiz-app/server/src/controllers/question.controller.js:22:20)
    at process.processTicksAndRejections (node:internal/process/task_queues:95:5) {
  "error": {},
  "stack": "ReferenceError: sendMessage is not defined\n    at createQuestion (file:///C:/Users/PMLS/Documents/GitHub/SMIT-quiz-app/server/src/controllers/question.controller.js:22:20)\n    at process.processTicksAndRejections (node:internal/process/task_queues:95:5)",
  "exception": true,
  "date": "Fri Aug 09 2024 22:19:50 GMT+0500 (Pakistan Standard Time)",
  "process": {
    "pid": 73376,
    "uid": null,
    "gid": null,
    "cwd": "C:\\Users\\PMLS\\Documents\\GitHub\\SMIT-quiz-app\\server",
    "execPath": "C:\\Program Files\\nodejs\\node.exe",
    "version": "v20.10.0",
    "argv": [
      "C:\\Program Files\\nodejs\\node.exe",
      "C:\\Users\\PMLS\\Documents\\GitHub\\SMIT-quiz-app\\server\\src\\index.js"
    ],
    "memoryUsage": {
      "rss": 84819968,
      "heapTotal": 62369792,
      "heapUsed": 30186792,
      "external": 20930740,
      "arrayBuffers": 18296084
    }
  },
  "os": {
    "loadavg": [
      0,
      0,
      0
    ],
    "uptime": 284689.968
  },
  "trace": [
    {
      "column": 20,
      "file": "file:///C:/Users/PMLS/Documents/GitHub/SMIT-quiz-app/server/src/controllers/question.controller.js",
      "function": "createQuestion",
      "line": 22,
      "method": null,
      "native": false
    },
    {
      "column": 5,
      "file": "node:internal/process/task_queues",
      "function": "process.processTicksAndRejections",
      "line": 95,
      "method": "processTicksAndRejections",
      "native": false
    }
  ]
}
2024-08-09 22:21:04.042 [debug]: 	Logging initialized at debug level 
2024-08-09 22:21:10.173 [error]: 	uncaughtException: sendMessage is not defined
ReferenceError: sendMessage is not defined
    at createQuestion (file:///C:/Users/PMLS/Documents/GitHub/SMIT-quiz-app/server/src/controllers/question.controller.js:22:20)
    at process.processTicksAndRejections (node:internal/process/task_queues:95:5) {
  "error": {},
  "stack": "ReferenceError: sendMessage is not defined\n    at createQuestion (file:///C:/Users/PMLS/Documents/GitHub/SMIT-quiz-app/server/src/controllers/question.controller.js:22:20)\n    at process.processTicksAndRejections (node:internal/process/task_queues:95:5)",
  "exception": true,
  "date": "Fri Aug 09 2024 22:21:10 GMT+0500 (Pakistan Standard Time)",
  "process": {
    "pid": 75600,
    "uid": null,
    "gid": null,
    "cwd": "C:\\Users\\PMLS\\Documents\\GitHub\\SMIT-quiz-app\\server",
    "execPath": "C:\\Program Files\\nodejs\\node.exe",
    "version": "v20.10.0",
    "argv": [
      "C:\\Program Files\\nodejs\\node.exe",
      "C:\\Users\\PMLS\\Documents\\GitHub\\SMIT-quiz-app\\server\\src\\index.js"
    ],
    "memoryUsage": {
      "rss": 83959808,
      "heapTotal": 63156224,
      "heapUsed": 34789008,
      "external": 20998163,
      "arrayBuffers": 18363547
    }
  },
  "os": {
    "loadavg": [
      0,
      0,
      0
    ],
    "uptime": 284769.578
  },
  "trace": [
    {
      "column": 20,
      "file": "file:///C:/Users/PMLS/Documents/GitHub/SMIT-quiz-app/server/src/controllers/question.controller.js",
      "function": "createQuestion",
      "line": 22,
      "method": null,
      "native": false
    },
    {
      "column": 5,
      "file": "node:internal/process/task_queues",
      "function": "process.processTicksAndRejections",
      "line": 95,
      "method": "processTicksAndRejections",
      "native": false
    }
  ]
}
2024-08-09 22:22:43.237 [debug]: 	Logging initialized at debug level 
2024-08-09 22:23:49.161 [error]: 	uncaughtException: sendMessage is not defined
ReferenceError: sendMessage is not defined
    at createQuestion (file:///C:/Users/PMLS/Documents/GitHub/SMIT-quiz-app/server/src/controllers/question.controller.js:22:20)
    at process.processTicksAndRejections (node:internal/process/task_queues:95:5) {
  "error": {},
  "stack": "ReferenceError: sendMessage is not defined\n    at createQuestion (file:///C:/Users/PMLS/Documents/GitHub/SMIT-quiz-app/server/src/controllers/question.controller.js:22:20)\n    at process.processTicksAndRejections (node:internal/process/task_queues:95:5)",
  "exception": true,
  "date": "Fri Aug 09 2024 22:23:49 GMT+0500 (Pakistan Standard Time)",
  "process": {
    "pid": 68772,
    "uid": null,
    "gid": null,
    "cwd": "C:\\Users\\PMLS\\Documents\\GitHub\\SMIT-quiz-app\\server",
    "execPath": "C:\\Program Files\\nodejs\\node.exe",
    "version": "v20.10.0",
    "argv": [
      "C:\\Program Files\\nodejs\\node.exe",
      "C:\\Users\\PMLS\\Documents\\GitHub\\SMIT-quiz-app\\server\\src\\index.js"
    ],
    "memoryUsage": {
      "rss": 57372672,
      "heapTotal": 31436800,
      "heapUsed": 29320512,
      "external": 20961812,
      "arrayBuffers": 18329716
    }
  },
  "os": {
    "loadavg": [
      0,
      0,
      0
    ],
    "uptime": 284928.562
  },
  "trace": [
    {
      "column": 20,
      "file": "file:///C:/Users/PMLS/Documents/GitHub/SMIT-quiz-app/server/src/controllers/question.controller.js",
      "function": "createQuestion",
      "line": 22,
      "method": null,
      "native": false
    },
    {
      "column": 5,
      "file": "node:internal/process/task_queues",
      "function": "process.processTicksAndRejections",
      "line": 95,
      "method": "processTicksAndRejections",
      "native": false
    }
  ]
}
2024-08-09 22:24:27.817 [debug]: 	Logging initialized at debug level 
2024-08-09 22:24:53.813 [error]: 	uncaughtException: sendMessage is not defined
ReferenceError: sendMessage is not defined
    at createQuestion (file:///C:/Users/PMLS/Documents/GitHub/SMIT-quiz-app/server/src/controllers/question.controller.js:22:20)
    at process.processTicksAndRejections (node:internal/process/task_queues:95:5) {
  "error": {},
  "stack": "ReferenceError: sendMessage is not defined\n    at createQuestion (file:///C:/Users/PMLS/Documents/GitHub/SMIT-quiz-app/server/src/controllers/question.controller.js:22:20)\n    at process.processTicksAndRejections (node:internal/process/task_queues:95:5)",
  "exception": true,
  "date": "Fri Aug 09 2024 22:24:53 GMT+0500 (Pakistan Standard Time)",
  "process": {
    "pid": 74624,
    "uid": null,
    "gid": null,
    "cwd": "C:\\Users\\PMLS\\Documents\\GitHub\\SMIT-quiz-app\\server",
    "execPath": "C:\\Program Files\\nodejs\\node.exe",
    "version": "v20.10.0",
    "argv": [
      "C:\\Program Files\\nodejs\\node.exe",
      "C:\\Users\\PMLS\\Documents\\GitHub\\SMIT-quiz-app\\server\\src\\index.js"
    ],
    "memoryUsage": {
      "rss": 70131712,
      "heapTotal": 32747520,
      "heapUsed": 28828152,
      "external": 20952444,
      "arrayBuffers": 18320348
    }
  },
  "os": {
    "loadavg": [
      0,
      0,
      0
    ],
    "uptime": 284993.218
  },
  "trace": [
    {
      "column": 20,
      "file": "file:///C:/Users/PMLS/Documents/GitHub/SMIT-quiz-app/server/src/controllers/question.controller.js",
      "function": "createQuestion",
      "line": 22,
      "method": null,
      "native": false
    },
    {
      "column": 5,
      "file": "node:internal/process/task_queues",
      "function": "process.processTicksAndRejections",
      "line": 95,
      "method": "processTicksAndRejections",
      "native": false
    }
  ]
}
2024-08-09 22:26:50.478 [debug]: 	Logging initialized at debug level 
